<?xml version="1.0" encoding="UTF-8"?>
<!-- Generated by org.testng.reporters.JUnitReportReporter -->
<testsuite hostname="Deepu" failures="0" tests="2" name="tests.RegExcel" time="46.868" errors="0" timestamp="2025-09-08T15:33:20 IST" skipped="0">
  <testcase classname="tests.RegExcel" name="signupTest" time="33.213"/>
  <testcase classname="tests.RegExcel" name="signupTest" time="13.655"/>
</testsuite> <!-- tests.RegExcel -->
